<?xml version="1.0" encoding="UTF-8"?>
<!-- Generated by org.testng.reporters.JUnitReportReporter -->
<testsuite hostname="WINDOWS-NBFRO6B" failures="0" tests="6" name="api.test.DatadriveTest" time="10.910" errors="0" timestamp="2023-07-21T17:26:38 IST" skipped="0">
  <testcase classname="api.test.DatadriveTest" name="testPostUserDD" time="1.217"/>
  <system-out/>
  <testcase classname="api.test.DatadriveTest" name="testPostUserDD" time="1.146"/>
  <system-out/>
  <testcase classname="api.test.DatadriveTest" name="testPostUserDD" time="5.088"/>
  <system-out/>
  <testcase classname="api.test.DatadriveTest" name="testDeleteuserByName" time="1.110"/>
  <system-out/>
  <testcase classname="api.test.DatadriveTest" name="testDeleteuserByName" time="1.118"/>
  <system-out/>
  <testcase classname="api.test.DatadriveTest" name="testDeleteuserByName" time="1.231"/>
  <system-out/>
</testsuite> <!-- api.test.DatadriveTest -->
