<?xml version="1.0" encoding="UTF-8"?>
<!-- Generated by org.testng.reporters.JUnitReportReporter -->
<testsuite hostname="WINDOWS-NBFRO6B" failures="0" tests="4" name="api.test.UserTests" time="9.472" errors="0" timestamp="2023-07-21T18:18:03 IST" skipped="0">
  <testcase classname="api.test.UserTests" name="testPostUser" time="4.684"/>
  <system-out/>
  <testcase classname="api.test.UserTests" name="testgetUser" time="1.200"/>
  <system-out/>
  <testcase classname="api.test.UserTests" name="testUpdateUser" time="2.355"/>
  <system-out/>
  <testcase classname="api.test.UserTests" name="testDeleteUser" time="1.233"/>
  <system-out/>
</testsuite> <!-- api.test.UserTests -->
