<?xml version="1.0" encoding="UTF-8"?>
<!-- Generated by org.testng.reporters.JUnitReportReporter -->
<testsuite hostname="WINDOWS-NBFRO6B" failures="0" tests="4" name="api.test.UserTests2" time="10.130" errors="0" timestamp="2023-07-24T15:51:36 IST" skipped="0">
  <testcase classname="api.test.UserTests2" name="testPostUser" time="5.491"/>
  <system-out/>
  <testcase classname="api.test.UserTests2" name="testgetUser" time="1.127"/>
  <system-out/>
  <testcase classname="api.test.UserTests2" name="testUpdateUser" time="2.287"/>
  <system-out/>
  <testcase classname="api.test.UserTests2" name="testDeleteUser" time="1.225"/>
  <system-out/>
</testsuite> <!-- api.test.UserTests2 -->
