<?xml version="1.0" encoding="UTF-8"?>
<!-- Generated by org.testng.reporters.JUnitReportReporter -->
<testsuite hostname="WINDOWS-NBFRO6B" failures="0" tests="4" name="api.test.UserTests" time="5.622" errors="0" timestamp="2023-07-24T16:43:04 IST" skipped="0">
  <testcase classname="api.test.UserTests" name="testPostUser" time="1.103"/>
  <system-out/>
  <testcase classname="api.test.UserTests" name="testgetUser" time="1.139"/>
  <system-out/>
  <testcase classname="api.test.UserTests" name="testUpdateUser" time="2.274"/>
  <system-out/>
  <testcase classname="api.test.UserTests" name="testDeleteUser" time="1.106"/>
  <system-out/>
</testsuite> <!-- api.test.UserTests -->
