<?xml version="1.0" encoding="UTF-8"?>
<!-- Generated by org.testng.reporters.JUnitReportReporter -->
<testsuite hostname="WINDOWS-NBFRO6B" failures="0" tests="6" name="api.test.DatadriveTest" time="10.510" errors="0" timestamp="2023-07-24T16:43:04 IST" skipped="0">
  <testcase classname="api.test.DatadriveTest" name="testPostUserDD" time="4.767"/>
  <system-out/>
  <testcase classname="api.test.DatadriveTest" name="testPostUserDD" time="1.170"/>
  <system-out/>
  <testcase classname="api.test.DatadriveTest" name="testPostUserDD" time="1.124"/>
  <system-out/>
  <testcase classname="api.test.DatadriveTest" name="testDeleteuserByName" time="1.096"/>
  <system-out/>
  <testcase classname="api.test.DatadriveTest" name="testDeleteuserByName" time="1.238"/>
  <system-out/>
  <testcase classname="api.test.DatadriveTest" name="testDeleteuserByName" time="1.115"/>
  <system-out/>
</testsuite> <!-- api.test.DatadriveTest -->
